2018-11-08 16:18:46,144 [Worker-1] INFO  c.g.t.t.d.PublishedGradleVersions - Gradle version information cache is up-to-date. Trying to read.
2018-11-08 16:19:22,411 [Worker-4] INFO  o.e.m.c.i.l.LifecycleMappingFactory - Using org.eclipse.m2e.jdt.JarLifecycleMapping lifecycle mapping for MavenProject: test:test:0.0.1-SNAPSHOT @ Y:\git_repos\eclipse-workspace\test\pom.xml.
2018-11-08 16:19:34,006 [Worker-1] WARN  o.e.m.c.i.embedder.EclipseLogger - Using platform encoding (Cp1252 actually) to copy filtered resources, i.e. build is platform dependent!
2018-11-08 16:19:34,014 [Worker-1] INFO  o.e.m.c.i.embedder.EclipseLogger - skip non existing resourceDirectory Y:\git_repos\eclipse-workspace\test\src\main\resources
2018-11-08 16:19:34,017 [Worker-1] WARN  o.e.m.c.i.embedder.EclipseLogger - Using platform encoding (Cp1252 actually) to copy filtered resources, i.e. build is platform dependent!
2018-11-08 16:19:34,029 [Worker-1] INFO  o.e.m.c.i.embedder.EclipseLogger - skip non existing resourceDirectory Y:\git_repos\eclipse-workspace\test\src\test\resources
2018-11-08 16:34:13,894 [Worker-25] WARN  o.e.m.c.i.embedder.EclipseLogger - Using platform encoding (Cp1252 actually) to copy filtered resources, i.e. build is platform dependent!
2018-11-08 16:34:13,903 [Worker-25] INFO  o.e.m.c.i.embedder.EclipseLogger - skip non existing resourceDirectory Y:\git_repos\eclipse-workspace\test\src\main\resources
2018-11-08 16:34:13,905 [Worker-25] WARN  o.e.m.c.i.embedder.EclipseLogger - Using platform encoding (Cp1252 actually) to copy filtered resources, i.e. build is platform dependent!
2018-11-08 16:34:13,911 [Worker-25] INFO  o.e.m.c.i.embedder.EclipseLogger - skip non existing resourceDirectory Y:\git_repos\eclipse-workspace\test\src\test\resources
2018-11-08 16:35:57,156 [Worker-23] WARN  o.e.m.c.i.embedder.EclipseLogger - Using platform encoding (Cp1252 actually) to copy filtered resources, i.e. build is platform dependent!
2018-11-08 16:35:57,186 [Worker-23] INFO  o.e.m.c.i.embedder.EclipseLogger - skip non existing resourceDirectory Y:\git_repos\eclipse-workspace\test\src\main\resources
2018-11-08 16:35:57,193 [Worker-23] WARN  o.e.m.c.i.embedder.EclipseLogger - Using platform encoding (Cp1252 actually) to copy filtered resources, i.e. build is platform dependent!
2018-11-08 16:35:57,230 [Worker-23] INFO  o.e.m.c.i.embedder.EclipseLogger - skip non existing resourceDirectory Y:\git_repos\eclipse-workspace\test\src\test\resources
2018-11-08 16:36:08,312 [Worker-32] WARN  o.e.m.c.i.embedder.EclipseLogger - Using platform encoding (Cp1252 actually) to copy filtered resources, i.e. build is platform dependent!
2018-11-08 16:36:08,324 [Worker-32] INFO  o.e.m.c.i.embedder.EclipseLogger - skip non existing resourceDirectory Y:\git_repos\eclipse-workspace\test\src\main\resources
2018-11-08 16:36:08,329 [Worker-32] WARN  o.e.m.c.i.embedder.EclipseLogger - Using platform encoding (Cp1252 actually) to copy filtered resources, i.e. build is platform dependent!
2018-11-08 16:36:08,336 [Worker-32] INFO  o.e.m.c.i.embedder.EclipseLogger - skip non existing resourceDirectory Y:\git_repos\eclipse-workspace\test\src\test\resources
2018-11-08 16:38:41,184 [Worker-32] WARN  o.e.m.c.i.embedder.EclipseLogger - Using platform encoding (Cp1252 actually) to copy filtered resources, i.e. build is platform dependent!
2018-11-08 16:38:41,216 [Worker-32] INFO  o.e.m.c.i.embedder.EclipseLogger - skip non existing resourceDirectory Y:\git_repos\eclipse-workspace\test\src\main\resources
2018-11-08 16:38:41,236 [Worker-32] WARN  o.e.m.c.i.embedder.EclipseLogger - Using platform encoding (Cp1252 actually) to copy filtered resources, i.e. build is platform dependent!
2018-11-08 16:38:41,273 [Worker-32] INFO  o.e.m.c.i.embedder.EclipseLogger - skip non existing resourceDirectory Y:\git_repos\eclipse-workspace\test\src\test\resources
2018-11-08 16:39:54,850 [Worker-24] WARN  o.e.m.c.i.embedder.EclipseLogger - Using platform encoding (Cp1252 actually) to copy filtered resources, i.e. build is platform dependent!
2018-11-08 16:39:54,857 [Worker-24] INFO  o.e.m.c.i.embedder.EclipseLogger - skip non existing resourceDirectory Y:\git_repos\eclipse-workspace\test\src\main\resources
2018-11-08 16:39:54,861 [Worker-24] WARN  o.e.m.c.i.embedder.EclipseLogger - Using platform encoding (Cp1252 actually) to copy filtered resources, i.e. build is platform dependent!
2018-11-08 16:39:54,872 [Worker-24] INFO  o.e.m.c.i.embedder.EclipseLogger - skip non existing resourceDirectory Y:\git_repos\eclipse-workspace\test\src\test\resources
2018-11-08 16:40:18,336 [Worker-29] WARN  o.e.m.c.i.embedder.EclipseLogger - Using platform encoding (Cp1252 actually) to copy filtered resources, i.e. build is platform dependent!
2018-11-08 16:40:18,344 [Worker-29] INFO  o.e.m.c.i.embedder.EclipseLogger - skip non existing resourceDirectory Y:\git_repos\eclipse-workspace\test\src\main\resources
2018-11-08 16:40:18,354 [Worker-29] WARN  o.e.m.c.i.embedder.EclipseLogger - Using platform encoding (Cp1252 actually) to copy filtered resources, i.e. build is platform dependent!
2018-11-08 16:40:18,364 [Worker-29] INFO  o.e.m.c.i.embedder.EclipseLogger - skip non existing resourceDirectory Y:\git_repos\eclipse-workspace\test\src\test\resources
2018-11-08 16:41:41,072 [Worker-24] WARN  o.e.m.c.i.embedder.EclipseLogger - Using platform encoding (Cp1252 actually) to copy filtered resources, i.e. build is platform dependent!
2018-11-08 16:41:41,110 [Worker-24] INFO  o.e.m.c.i.embedder.EclipseLogger - skip non existing resourceDirectory Y:\git_repos\eclipse-workspace\test\src\main\resources
2018-11-08 16:41:41,116 [Worker-24] WARN  o.e.m.c.i.embedder.EclipseLogger - Using platform encoding (Cp1252 actually) to copy filtered resources, i.e. build is platform dependent!
2018-11-08 16:41:41,125 [Worker-24] INFO  o.e.m.c.i.embedder.EclipseLogger - skip non existing resourceDirectory Y:\git_repos\eclipse-workspace\test\src\test\resources
2018-11-08 16:41:56,014 [Worker-22] WARN  o.e.m.c.i.embedder.EclipseLogger - Using platform encoding (Cp1252 actually) to copy filtered resources, i.e. build is platform dependent!
2018-11-08 16:41:56,028 [Worker-22] INFO  o.e.m.c.i.embedder.EclipseLogger - skip non existing resourceDirectory Y:\git_repos\eclipse-workspace\test\src\main\resources
2018-11-08 16:41:56,033 [Worker-22] WARN  o.e.m.c.i.embedder.EclipseLogger - Using platform encoding (Cp1252 actually) to copy filtered resources, i.e. build is platform dependent!
2018-11-08 16:41:56,055 [Worker-22] INFO  o.e.m.c.i.embedder.EclipseLogger - skip non existing resourceDirectory Y:\git_repos\eclipse-workspace\test\src\test\resources
2018-11-08 16:44:22,012 [Worker-33] WARN  o.e.m.c.i.embedder.EclipseLogger - Using platform encoding (Cp1252 actually) to copy filtered resources, i.e. build is platform dependent!
2018-11-08 16:44:22,022 [Worker-33] INFO  o.e.m.c.i.embedder.EclipseLogger - skip non existing resourceDirectory Y:\git_repos\eclipse-workspace\test\src\main\resources
2018-11-08 16:44:22,025 [Worker-33] WARN  o.e.m.c.i.embedder.EclipseLogger - Using platform encoding (Cp1252 actually) to copy filtered resources, i.e. build is platform dependent!
2018-11-08 16:44:22,032 [Worker-33] INFO  o.e.m.c.i.embedder.EclipseLogger - skip non existing resourceDirectory Y:\git_repos\eclipse-workspace\test\src\test\resources
2018-11-08 18:14:40,758 [Worker-50] WARN  o.e.m.c.i.embedder.EclipseLogger - Using platform encoding (Cp1252 actually) to copy filtered resources, i.e. build is platform dependent!
2018-11-08 18:14:40,768 [Worker-50] INFO  o.e.m.c.i.embedder.EclipseLogger - skip non existing resourceDirectory Y:\git_repos\eclipse-workspace\test\src\main\resources
2018-11-08 18:14:40,778 [Worker-50] WARN  o.e.m.c.i.embedder.EclipseLogger - Using platform encoding (Cp1252 actually) to copy filtered resources, i.e. build is platform dependent!
2018-11-08 18:14:40,789 [Worker-50] INFO  o.e.m.c.i.embedder.EclipseLogger - skip non existing resourceDirectory Y:\git_repos\eclipse-workspace\test\src\test\resources
2018-11-08 18:17:15,656 [Worker-40] WARN  o.e.m.c.i.embedder.EclipseLogger - Using platform encoding (Cp1252 actually) to copy filtered resources, i.e. build is platform dependent!
2018-11-08 18:17:15,663 [Worker-40] INFO  o.e.m.c.i.embedder.EclipseLogger - skip non existing resourceDirectory Y:\git_repos\eclipse-workspace\test\src\main\resources
2018-11-08 18:17:15,667 [Worker-40] WARN  o.e.m.c.i.embedder.EclipseLogger - Using platform encoding (Cp1252 actually) to copy filtered resources, i.e. build is platform dependent!
2018-11-08 18:17:15,673 [Worker-40] INFO  o.e.m.c.i.embedder.EclipseLogger - skip non existing resourceDirectory Y:\git_repos\eclipse-workspace\test\src\test\resources
2018-11-08 18:25:24,243 [Worker-53] WARN  o.e.m.c.i.embedder.EclipseLogger - Using platform encoding (Cp1252 actually) to copy filtered resources, i.e. build is platform dependent!
2018-11-08 18:25:24,252 [Worker-53] INFO  o.e.m.c.i.embedder.EclipseLogger - skip non existing resourceDirectory Y:\git_repos\eclipse-workspace\test\src\main\resources
2018-11-08 18:25:24,256 [Worker-53] WARN  o.e.m.c.i.embedder.EclipseLogger - Using platform encoding (Cp1252 actually) to copy filtered resources, i.e. build is platform dependent!
2018-11-08 18:25:24,264 [Worker-53] INFO  o.e.m.c.i.embedder.EclipseLogger - skip non existing resourceDirectory Y:\git_repos\eclipse-workspace\test\src\test\resources
2018-11-08 18:25:40,451 [Worker-51] WARN  o.e.m.c.i.embedder.EclipseLogger - Using platform encoding (Cp1252 actually) to copy filtered resources, i.e. build is platform dependent!
2018-11-08 18:25:40,457 [Worker-51] INFO  o.e.m.c.i.embedder.EclipseLogger - skip non existing resourceDirectory Y:\git_repos\eclipse-workspace\test\src\main\resources
2018-11-08 18:25:40,462 [Worker-51] WARN  o.e.m.c.i.embedder.EclipseLogger - Using platform encoding (Cp1252 actually) to copy filtered resources, i.e. build is platform dependent!
2018-11-08 18:25:40,468 [Worker-51] INFO  o.e.m.c.i.embedder.EclipseLogger - skip non existing resourceDirectory Y:\git_repos\eclipse-workspace\test\src\test\resources
2018-11-08 18:26:19,126 [Worker-51] WARN  o.e.m.c.i.embedder.EclipseLogger - Using platform encoding (Cp1252 actually) to copy filtered resources, i.e. build is platform dependent!
2018-11-08 18:26:19,133 [Worker-51] INFO  o.e.m.c.i.embedder.EclipseLogger - skip non existing resourceDirectory Y:\git_repos\eclipse-workspace\test\src\main\resources
2018-11-08 18:26:19,136 [Worker-51] WARN  o.e.m.c.i.embedder.EclipseLogger - Using platform encoding (Cp1252 actually) to copy filtered resources, i.e. build is platform dependent!
2018-11-08 18:26:19,142 [Worker-51] INFO  o.e.m.c.i.embedder.EclipseLogger - skip non existing resourceDirectory Y:\git_repos\eclipse-workspace\test\src\test\resources
2018-11-08 18:26:28,417 [Worker-53] WARN  o.e.m.c.i.embedder.EclipseLogger - Using platform encoding (Cp1252 actually) to copy filtered resources, i.e. build is platform dependent!
2018-11-08 18:26:28,427 [Worker-53] INFO  o.e.m.c.i.embedder.EclipseLogger - skip non existing resourceDirectory Y:\git_repos\eclipse-workspace\test\src\main\resources
2018-11-08 18:26:28,437 [Worker-53] WARN  o.e.m.c.i.embedder.EclipseLogger - Using platform encoding (Cp1252 actually) to copy filtered resources, i.e. build is platform dependent!
2018-11-08 18:26:28,444 [Worker-53] INFO  o.e.m.c.i.embedder.EclipseLogger - skip non existing resourceDirectory Y:\git_repos\eclipse-workspace\test\src\test\resources
2018-11-08 18:28:27,935 [Worker-53] WARN  o.e.m.c.i.embedder.EclipseLogger - Using platform encoding (Cp1252 actually) to copy filtered resources, i.e. build is platform dependent!
2018-11-08 18:28:27,942 [Worker-53] INFO  o.e.m.c.i.embedder.EclipseLogger - skip non existing resourceDirectory Y:\git_repos\eclipse-workspace\test\src\main\resources
2018-11-08 18:28:27,946 [Worker-53] WARN  o.e.m.c.i.embedder.EclipseLogger - Using platform encoding (Cp1252 actually) to copy filtered resources, i.e. build is platform dependent!
2018-11-08 18:28:27,955 [Worker-53] INFO  o.e.m.c.i.embedder.EclipseLogger - skip non existing resourceDirectory Y:\git_repos\eclipse-workspace\test\src\test\resources
2018-11-08 18:30:01,027 [Worker-59] WARN  o.e.m.c.i.embedder.EclipseLogger - Using platform encoding (Cp1252 actually) to copy filtered resources, i.e. build is platform dependent!
2018-11-08 18:30:01,033 [Worker-59] INFO  o.e.m.c.i.embedder.EclipseLogger - skip non existing resourceDirectory Y:\git_repos\eclipse-workspace\test\src\main\resources
2018-11-08 18:30:01,038 [Worker-59] WARN  o.e.m.c.i.embedder.EclipseLogger - Using platform encoding (Cp1252 actually) to copy filtered resources, i.e. build is platform dependent!
2018-11-08 18:30:01,046 [Worker-59] INFO  o.e.m.c.i.embedder.EclipseLogger - skip non existing resourceDirectory Y:\git_repos\eclipse-workspace\test\src\test\resources
2018-11-08 18:30:37,449 [Worker-56] WARN  o.e.m.c.i.embedder.EclipseLogger - Using platform encoding (Cp1252 actually) to copy filtered resources, i.e. build is platform dependent!
2018-11-08 18:30:37,459 [Worker-56] INFO  o.e.m.c.i.embedder.EclipseLogger - skip non existing resourceDirectory Y:\git_repos\eclipse-workspace\test\src\main\resources
2018-11-08 18:30:37,463 [Worker-56] WARN  o.e.m.c.i.embedder.EclipseLogger - Using platform encoding (Cp1252 actually) to copy filtered resources, i.e. build is platform dependent!
2018-11-08 18:30:37,471 [Worker-56] INFO  o.e.m.c.i.embedder.EclipseLogger - skip non existing resourceDirectory Y:\git_repos\eclipse-workspace\test\src\test\resources
2018-11-08 18:30:45,467 [Worker-47] WARN  o.e.m.c.i.embedder.EclipseLogger - Using platform encoding (Cp1252 actually) to copy filtered resources, i.e. build is platform dependent!
2018-11-08 18:30:45,474 [Worker-47] INFO  o.e.m.c.i.embedder.EclipseLogger - skip non existing resourceDirectory Y:\git_repos\eclipse-workspace\test\src\main\resources
2018-11-08 18:30:45,483 [Worker-47] WARN  o.e.m.c.i.embedder.EclipseLogger - Using platform encoding (Cp1252 actually) to copy filtered resources, i.e. build is platform dependent!
2018-11-08 18:30:45,494 [Worker-47] INFO  o.e.m.c.i.embedder.EclipseLogger - skip non existing resourceDirectory Y:\git_repos\eclipse-workspace\test\src\test\resources
2018-11-08 18:30:50,566 [Worker-52] WARN  o.e.m.c.i.embedder.EclipseLogger - Using platform encoding (Cp1252 actually) to copy filtered resources, i.e. build is platform dependent!
2018-11-08 18:30:50,572 [Worker-52] INFO  o.e.m.c.i.embedder.EclipseLogger - skip non existing resourceDirectory Y:\git_repos\eclipse-workspace\test\src\main\resources
2018-11-08 18:30:50,575 [Worker-52] WARN  o.e.m.c.i.embedder.EclipseLogger - Using platform encoding (Cp1252 actually) to copy filtered resources, i.e. build is platform dependent!
2018-11-08 18:30:50,584 [Worker-52] INFO  o.e.m.c.i.embedder.EclipseLogger - skip non existing resourceDirectory Y:\git_repos\eclipse-workspace\test\src\test\resources
2018-11-08 18:43:17,471 [Worker-67] WARN  o.e.m.c.i.embedder.EclipseLogger - Using platform encoding (Cp1252 actually) to copy filtered resources, i.e. build is platform dependent!
2018-11-08 18:43:17,477 [Worker-67] INFO  o.e.m.c.i.embedder.EclipseLogger - skip non existing resourceDirectory Y:\git_repos\eclipse-workspace\test\src\main\resources
2018-11-08 18:43:17,480 [Worker-67] WARN  o.e.m.c.i.embedder.EclipseLogger - Using platform encoding (Cp1252 actually) to copy filtered resources, i.e. build is platform dependent!
2018-11-08 18:43:17,486 [Worker-67] INFO  o.e.m.c.i.embedder.EclipseLogger - skip non existing resourceDirectory Y:\git_repos\eclipse-workspace\test\src\test\resources
2018-11-08 18:43:38,898 [Worker-70] WARN  o.e.m.c.i.embedder.EclipseLogger - Using platform encoding (Cp1252 actually) to copy filtered resources, i.e. build is platform dependent!
2018-11-08 18:43:38,904 [Worker-70] INFO  o.e.m.c.i.embedder.EclipseLogger - skip non existing resourceDirectory Y:\git_repos\eclipse-workspace\test\src\main\resources
2018-11-08 18:43:38,907 [Worker-70] WARN  o.e.m.c.i.embedder.EclipseLogger - Using platform encoding (Cp1252 actually) to copy filtered resources, i.e. build is platform dependent!
2018-11-08 18:43:38,914 [Worker-70] INFO  o.e.m.c.i.embedder.EclipseLogger - skip non existing resourceDirectory Y:\git_repos\eclipse-workspace\test\src\test\resources
2018-11-08 19:06:49,688 [Worker-79] WARN  o.e.m.c.i.embedder.EclipseLogger - Using platform encoding (Cp1252 actually) to copy filtered resources, i.e. build is platform dependent!
2018-11-08 19:06:49,699 [Worker-79] INFO  o.e.m.c.i.embedder.EclipseLogger - skip non existing resourceDirectory Y:\git_repos\eclipse-workspace\test\src\main\resources
2018-11-08 19:06:49,702 [Worker-79] WARN  o.e.m.c.i.embedder.EclipseLogger - Using platform encoding (Cp1252 actually) to copy filtered resources, i.e. build is platform dependent!
2018-11-08 19:06:49,711 [Worker-79] INFO  o.e.m.c.i.embedder.EclipseLogger - skip non existing resourceDirectory Y:\git_repos\eclipse-workspace\test\src\test\resources
2018-11-08 19:14:46,541 [Worker-64] WARN  o.e.m.c.i.embedder.EclipseLogger - Using platform encoding (Cp1252 actually) to copy filtered resources, i.e. build is platform dependent!
2018-11-08 19:14:46,548 [Worker-64] INFO  o.e.m.c.i.embedder.EclipseLogger - skip non existing resourceDirectory Y:\git_repos\eclipse-workspace\test\src\main\resources
2018-11-08 19:14:46,551 [Worker-64] WARN  o.e.m.c.i.embedder.EclipseLogger - Using platform encoding (Cp1252 actually) to copy filtered resources, i.e. build is platform dependent!
2018-11-08 19:14:46,558 [Worker-64] INFO  o.e.m.c.i.embedder.EclipseLogger - skip non existing resourceDirectory Y:\git_repos\eclipse-workspace\test\src\test\resources
2018-11-08 19:15:59,148 [Worker-69] WARN  o.e.m.c.i.embedder.EclipseLogger - Using platform encoding (Cp1252 actually) to copy filtered resources, i.e. build is platform dependent!
2018-11-08 19:15:59,153 [Worker-69] INFO  o.e.m.c.i.embedder.EclipseLogger - skip non existing resourceDirectory Y:\git_repos\eclipse-workspace\test\src\main\resources
2018-11-08 19:15:59,158 [Worker-69] WARN  o.e.m.c.i.embedder.EclipseLogger - Using platform encoding (Cp1252 actually) to copy filtered resources, i.e. build is platform dependent!
2018-11-08 19:15:59,164 [Worker-69] INFO  o.e.m.c.i.embedder.EclipseLogger - skip non existing resourceDirectory Y:\git_repos\eclipse-workspace\test\src\test\resources
2018-11-08 19:21:42,793 [Worker-81] WARN  o.e.m.c.i.embedder.EclipseLogger - Using platform encoding (Cp1252 actually) to copy filtered resources, i.e. build is platform dependent!
2018-11-08 19:21:42,802 [Worker-81] INFO  o.e.m.c.i.embedder.EclipseLogger - skip non existing resourceDirectory Y:\git_repos\eclipse-workspace\test\src\main\resources
2018-11-08 19:21:42,806 [Worker-81] WARN  o.e.m.c.i.embedder.EclipseLogger - Using platform encoding (Cp1252 actually) to copy filtered resources, i.e. build is platform dependent!
2018-11-08 19:21:42,815 [Worker-81] INFO  o.e.m.c.i.embedder.EclipseLogger - skip non existing resourceDirectory Y:\git_repos\eclipse-workspace\test\src\test\resources
2018-11-08 19:54:58,135 [Worker-85] WARN  o.e.m.c.i.embedder.EclipseLogger - Using platform encoding (Cp1252 actually) to copy filtered resources, i.e. build is platform dependent!
2018-11-08 19:54:58,141 [Worker-85] INFO  o.e.m.c.i.embedder.EclipseLogger - skip non existing resourceDirectory Y:\git_repos\eclipse-workspace\test\src\main\resources
2018-11-08 19:54:58,145 [Worker-85] WARN  o.e.m.c.i.embedder.EclipseLogger - Using platform encoding (Cp1252 actually) to copy filtered resources, i.e. build is platform dependent!
2018-11-08 19:54:58,150 [Worker-85] INFO  o.e.m.c.i.embedder.EclipseLogger - skip non existing resourceDirectory Y:\git_repos\eclipse-workspace\test\src\test\resources
2018-11-08 20:14:42,789 [Worker-106] WARN  o.e.m.c.i.embedder.EclipseLogger - Using platform encoding (Cp1252 actually) to copy filtered resources, i.e. build is platform dependent!
2018-11-08 20:14:42,797 [Worker-106] INFO  o.e.m.c.i.embedder.EclipseLogger - skip non existing resourceDirectory Y:\git_repos\eclipse-workspace\test\src\main\resources
2018-11-08 20:14:42,804 [Worker-106] WARN  o.e.m.c.i.embedder.EclipseLogger - Using platform encoding (Cp1252 actually) to copy filtered resources, i.e. build is platform dependent!
2018-11-08 20:14:42,814 [Worker-106] INFO  o.e.m.c.i.embedder.EclipseLogger - skip non existing resourceDirectory Y:\git_repos\eclipse-workspace\test\src\test\resources
2018-11-08 20:15:20,940 [Worker-105] WARN  o.e.m.c.i.embedder.EclipseLogger - Using platform encoding (Cp1252 actually) to copy filtered resources, i.e. build is platform dependent!
2018-11-08 20:15:20,945 [Worker-105] INFO  o.e.m.c.i.embedder.EclipseLogger - skip non existing resourceDirectory Y:\git_repos\eclipse-workspace\test\src\main\resources
2018-11-08 20:15:20,949 [Worker-105] WARN  o.e.m.c.i.embedder.EclipseLogger - Using platform encoding (Cp1252 actually) to copy filtered resources, i.e. build is platform dependent!
2018-11-08 20:15:20,956 [Worker-105] INFO  o.e.m.c.i.embedder.EclipseLogger - skip non existing resourceDirectory Y:\git_repos\eclipse-workspace\test\src\test\resources
2018-11-08 20:15:22,392 [Worker-98] WARN  o.e.m.c.i.embedder.EclipseLogger - Using platform encoding (Cp1252 actually) to copy filtered resources, i.e. build is platform dependent!
2018-11-08 20:15:22,404 [Worker-98] INFO  o.e.m.c.i.embedder.EclipseLogger - skip non existing resourceDirectory Y:\git_repos\eclipse-workspace\test\src\main\resources
2018-11-08 20:15:22,411 [Worker-98] WARN  o.e.m.c.i.embedder.EclipseLogger - Using platform encoding (Cp1252 actually) to copy filtered resources, i.e. build is platform dependent!
2018-11-08 20:15:22,424 [Worker-98] INFO  o.e.m.c.i.embedder.EclipseLogger - skip non existing resourceDirectory Y:\git_repos\eclipse-workspace\test\src\test\resources
2018-11-08 20:15:33,915 [Worker-98] WARN  o.e.m.c.i.embedder.EclipseLogger - Using platform encoding (Cp1252 actually) to copy filtered resources, i.e. build is platform dependent!
2018-11-08 20:15:33,923 [Worker-98] INFO  o.e.m.c.i.embedder.EclipseLogger - skip non existing resourceDirectory Y:\git_repos\eclipse-workspace\test\src\main\resources
2018-11-08 20:15:33,930 [Worker-98] WARN  o.e.m.c.i.embedder.EclipseLogger - Using platform encoding (Cp1252 actually) to copy filtered resources, i.e. build is platform dependent!
2018-11-08 20:15:33,943 [Worker-98] INFO  o.e.m.c.i.embedder.EclipseLogger - skip non existing resourceDirectory Y:\git_repos\eclipse-workspace\test\src\test\resources
2018-11-08 20:15:43,899 [Worker-98] WARN  o.e.m.c.i.embedder.EclipseLogger - Using platform encoding (Cp1252 actually) to copy filtered resources, i.e. build is platform dependent!
2018-11-08 20:15:43,905 [Worker-98] INFO  o.e.m.c.i.embedder.EclipseLogger - skip non existing resourceDirectory Y:\git_repos\eclipse-workspace\test\src\main\resources
2018-11-08 20:15:43,908 [Worker-98] WARN  o.e.m.c.i.embedder.EclipseLogger - Using platform encoding (Cp1252 actually) to copy filtered resources, i.e. build is platform dependent!
2018-11-08 20:15:43,915 [Worker-98] INFO  o.e.m.c.i.embedder.EclipseLogger - skip non existing resourceDirectory Y:\git_repos\eclipse-workspace\test\src\test\resources
2018-11-08 20:38:02,342 [Worker-111] INFO  o.e.m.c.i.embedder.EclipseLogger - skip non existing resourceDirectory Y:\git_repos\eclipse-workspace\test\src\main\resources
2018-11-08 20:38:02,347 [Worker-111] WARN  o.e.m.c.i.embedder.EclipseLogger - Using platform encoding (Cp1252 actually) to copy filtered resources, i.e. build is platform dependent!
2018-11-08 20:38:02,360 [Worker-111] INFO  o.e.m.c.i.embedder.EclipseLogger - skip non existing resourceDirectory Y:\git_repos\eclipse-workspace\test\src\test\resources
2018-11-08 20:40:19,459 [Worker-98] WARN  o.e.m.c.i.embedder.EclipseLogger - Using platform encoding (Cp1252 actually) to copy filtered resources, i.e. build is platform dependent!
2018-11-08 20:40:19,464 [Worker-98] INFO  o.e.m.c.i.embedder.EclipseLogger - skip non existing resourceDirectory Y:\git_repos\eclipse-workspace\test\src\main\resources
2018-11-08 20:40:19,468 [Worker-98] WARN  o.e.m.c.i.embedder.EclipseLogger - Using platform encoding (Cp1252 actually) to copy filtered resources, i.e. build is platform dependent!
2018-11-08 20:40:19,475 [Worker-98] INFO  o.e.m.c.i.embedder.EclipseLogger - skip non existing resourceDirectory Y:\git_repos\eclipse-workspace\test\src\test\resources
2018-11-08 20:42:50,832 [Worker-112] WARN  o.e.m.c.i.embedder.EclipseLogger - Using platform encoding (Cp1252 actually) to copy filtered resources, i.e. build is platform dependent!
2018-11-08 20:42:50,838 [Worker-112] INFO  o.e.m.c.i.embedder.EclipseLogger - skip non existing resourceDirectory Y:\git_repos\eclipse-workspace\test\src\main\resources
2018-11-08 20:42:50,842 [Worker-112] WARN  o.e.m.c.i.embedder.EclipseLogger - Using platform encoding (Cp1252 actually) to copy filtered resources, i.e. build is platform dependent!
2018-11-08 20:42:50,849 [Worker-112] INFO  o.e.m.c.i.embedder.EclipseLogger - skip non existing resourceDirectory Y:\git_repos\eclipse-workspace\test\src\test\resources
2018-11-08 20:43:10,019 [Worker-105] WARN  o.e.m.c.i.embedder.EclipseLogger - Using platform encoding (Cp1252 actually) to copy filtered resources, i.e. build is platform dependent!
2018-11-08 20:43:10,028 [Worker-105] INFO  o.e.m.c.i.embedder.EclipseLogger - skip non existing resourceDirectory Y:\git_repos\eclipse-workspace\test\src\main\resources
2018-11-08 20:43:10,032 [Worker-105] WARN  o.e.m.c.i.embedder.EclipseLogger - Using platform encoding (Cp1252 actually) to copy filtered resources, i.e. build is platform dependent!
2018-11-08 20:43:10,040 [Worker-105] INFO  o.e.m.c.i.embedder.EclipseLogger - skip non existing resourceDirectory Y:\git_repos\eclipse-workspace\test\src\test\resources
2018-11-08 20:43:54,343 [Worker-110] WARN  o.e.m.c.i.embedder.EclipseLogger - Using platform encoding (Cp1252 actually) to copy filtered resources, i.e. build is platform dependent!
2018-11-08 20:43:54,350 [Worker-110] INFO  o.e.m.c.i.embedder.EclipseLogger - skip non existing resourceDirectory Y:\git_repos\eclipse-workspace\test\src\main\resources
2018-11-08 20:43:54,355 [Worker-110] WARN  o.e.m.c.i.embedder.EclipseLogger - Using platform encoding (Cp1252 actually) to copy filtered resources, i.e. build is platform dependent!
2018-11-08 20:43:54,362 [Worker-110] INFO  o.e.m.c.i.embedder.EclipseLogger - skip non existing resourceDirectory Y:\git_repos\eclipse-workspace\test\src\test\resources
2018-11-08 20:44:03,334 [Worker-113] WARN  o.e.m.c.i.embedder.EclipseLogger - Using platform encoding (Cp1252 actually) to copy filtered resources, i.e. build is platform dependent!
2018-11-08 20:44:03,343 [Worker-113] INFO  o.e.m.c.i.embedder.EclipseLogger - skip non existing resourceDirectory Y:\git_repos\eclipse-workspace\test\src\main\resources
2018-11-08 20:44:03,347 [Worker-113] WARN  o.e.m.c.i.embedder.EclipseLogger - Using platform encoding (Cp1252 actually) to copy filtered resources, i.e. build is platform dependent!
2018-11-08 20:44:03,356 [Worker-113] INFO  o.e.m.c.i.embedder.EclipseLogger - skip non existing resourceDirectory Y:\git_repos\eclipse-workspace\test\src\test\resources
2018-11-08 20:45:33,155 [Worker-109] WARN  o.e.m.c.i.embedder.EclipseLogger - Using platform encoding (Cp1252 actually) to copy filtered resources, i.e. build is platform dependent!
2018-11-08 20:45:33,161 [Worker-109] INFO  o.e.m.c.i.embedder.EclipseLogger - skip non existing resourceDirectory Y:\git_repos\eclipse-workspace\test\src\main\resources
2018-11-08 20:45:33,171 [Worker-109] WARN  o.e.m.c.i.embedder.EclipseLogger - Using platform encoding (Cp1252 actually) to copy filtered resources, i.e. build is platform dependent!
2018-11-08 20:45:33,179 [Worker-109] INFO  o.e.m.c.i.embedder.EclipseLogger - skip non existing resourceDirectory Y:\git_repos\eclipse-workspace\test\src\test\resources
2018-11-08 20:55:15,516 [Worker-116] WARN  o.e.m.c.i.embedder.EclipseLogger - Using platform encoding (Cp1252 actually) to copy filtered resources, i.e. build is platform dependent!
2018-11-08 20:55:15,521 [Worker-116] INFO  o.e.m.c.i.embedder.EclipseLogger - skip non existing resourceDirectory Y:\git_repos\eclipse-workspace\test\src\main\resources
2018-11-08 20:55:15,525 [Worker-116] WARN  o.e.m.c.i.embedder.EclipseLogger - Using platform encoding (Cp1252 actually) to copy filtered resources, i.e. build is platform dependent!
2018-11-08 20:55:15,533 [Worker-116] INFO  o.e.m.c.i.embedder.EclipseLogger - skip non existing resourceDirectory Y:\git_repos\eclipse-workspace\test\src\test\resources
2018-11-08 20:55:41,805 [Worker-117] WARN  o.e.m.c.i.embedder.EclipseLogger - Using platform encoding (Cp1252 actually) to copy filtered resources, i.e. build is platform dependent!
2018-11-08 20:55:41,811 [Worker-117] INFO  o.e.m.c.i.embedder.EclipseLogger - skip non existing resourceDirectory Y:\git_repos\eclipse-workspace\test\src\main\resources
2018-11-08 20:55:41,816 [Worker-117] WARN  o.e.m.c.i.embedder.EclipseLogger - Using platform encoding (Cp1252 actually) to copy filtered resources, i.e. build is platform dependent!
2018-11-08 20:55:41,828 [Worker-117] INFO  o.e.m.c.i.embedder.EclipseLogger - skip non existing resourceDirectory Y:\git_repos\eclipse-workspace\test\src\test\resources
2018-11-08 20:56:24,941 [Worker-116] WARN  o.e.m.c.i.embedder.EclipseLogger - Using platform encoding (Cp1252 actually) to copy filtered resources, i.e. build is platform dependent!
2018-11-08 20:56:24,948 [Worker-116] INFO  o.e.m.c.i.embedder.EclipseLogger - skip non existing resourceDirectory Y:\git_repos\eclipse-workspace\test\src\main\resources
2018-11-08 20:56:24,953 [Worker-116] WARN  o.e.m.c.i.embedder.EclipseLogger - Using platform encoding (Cp1252 actually) to copy filtered resources, i.e. build is platform dependent!
2018-11-08 20:56:24,964 [Worker-116] INFO  o.e.m.c.i.embedder.EclipseLogger - skip non existing resourceDirectory Y:\git_repos\eclipse-workspace\test\src\test\resources
2018-11-08 21:36:50,888 [Worker-134] WARN  o.e.m.c.i.embedder.EclipseLogger - Using platform encoding (Cp1252 actually) to copy filtered resources, i.e. build is platform dependent!
2018-11-08 21:36:50,894 [Worker-134] INFO  o.e.m.c.i.embedder.EclipseLogger - skip non existing resourceDirectory Y:\git_repos\eclipse-workspace\test\src\main\resources
2018-11-08 21:36:50,897 [Worker-134] WARN  o.e.m.c.i.embedder.EclipseLogger - Using platform encoding (Cp1252 actually) to copy filtered resources, i.e. build is platform dependent!
2018-11-08 21:36:50,905 [Worker-134] INFO  o.e.m.c.i.embedder.EclipseLogger - skip non existing resourceDirectory Y:\git_repos\eclipse-workspace\test\src\test\resources
2018-11-08 21:37:12,373 [Worker-131] WARN  o.e.m.c.i.embedder.EclipseLogger - Using platform encoding (Cp1252 actually) to copy filtered resources, i.e. build is platform dependent!
2018-11-08 21:37:12,383 [Worker-131] INFO  o.e.m.c.i.embedder.EclipseLogger - skip non existing resourceDirectory Y:\git_repos\eclipse-workspace\test\src\main\resources
2018-11-08 21:37:12,386 [Worker-131] WARN  o.e.m.c.i.embedder.EclipseLogger - Using platform encoding (Cp1252 actually) to copy filtered resources, i.e. build is platform dependent!
2018-11-08 21:37:12,394 [Worker-131] INFO  o.e.m.c.i.embedder.EclipseLogger - skip non existing resourceDirectory Y:\git_repos\eclipse-workspace\test\src\test\resources
2018-11-08 21:39:23,197 [Worker-134] WARN  o.e.m.c.i.embedder.EclipseLogger - Using platform encoding (Cp1252 actually) to copy filtered resources, i.e. build is platform dependent!
2018-11-08 21:39:23,207 [Worker-134] INFO  o.e.m.c.i.embedder.EclipseLogger - skip non existing resourceDirectory Y:\git_repos\eclipse-workspace\test\src\main\resources
2018-11-08 21:39:23,213 [Worker-134] WARN  o.e.m.c.i.embedder.EclipseLogger - Using platform encoding (Cp1252 actually) to copy filtered resources, i.e. build is platform dependent!
2018-11-08 21:39:23,223 [Worker-134] INFO  o.e.m.c.i.embedder.EclipseLogger - skip non existing resourceDirectory Y:\git_repos\eclipse-workspace\test\src\test\resources
2018-11-08 22:20:42,292 [Worker-154] WARN  o.e.m.c.i.embedder.EclipseLogger - Using platform encoding (Cp1252 actually) to copy filtered resources, i.e. build is platform dependent!
2018-11-08 22:20:42,297 [Worker-154] INFO  o.e.m.c.i.embedder.EclipseLogger - skip non existing resourceDirectory Y:\git_repos\eclipse-workspace\test\src\main\resources
2018-11-08 22:20:42,300 [Worker-154] WARN  o.e.m.c.i.embedder.EclipseLogger - Using platform encoding (Cp1252 actually) to copy filtered resources, i.e. build is platform dependent!
2018-11-08 22:20:42,306 [Worker-154] INFO  o.e.m.c.i.embedder.EclipseLogger - skip non existing resourceDirectory Y:\git_repos\eclipse-workspace\test\src\test\resources
2018-11-08 22:35:58,210 [Worker-166] WARN  o.e.m.c.i.embedder.EclipseLogger - Using platform encoding (Cp1252 actually) to copy filtered resources, i.e. build is platform dependent!
2018-11-08 22:35:58,217 [Worker-166] INFO  o.e.m.c.i.embedder.EclipseLogger - skip non existing resourceDirectory Y:\git_repos\eclipse-workspace\test\src\main\resources
2018-11-08 22:35:58,222 [Worker-166] WARN  o.e.m.c.i.embedder.EclipseLogger - Using platform encoding (Cp1252 actually) to copy filtered resources, i.e. build is platform dependent!
2018-11-08 22:35:58,230 [Worker-166] INFO  o.e.m.c.i.embedder.EclipseLogger - skip non existing resourceDirectory Y:\git_repos\eclipse-workspace\test\src\test\resources
2018-11-11 22:47:34,626 [Worker-2] INFO  c.g.t.t.d.PublishedGradleVersions - Gradle version information cache is up-to-date. Trying to read.
2018-11-11 22:47:39,693 [Worker-8] INFO  o.e.m.c.i.l.LifecycleMappingFactory - Using NULL lifecycle mapping for MavenProject: com.mmt:mobile-core-api:3.0.0.M1 @ C:\Users\kumark\Desktop\MMT\Mobile-CORE-API\pom.xml.
2018-11-11 22:47:41,679 [Worker-8] INFO  o.e.m.c.i.l.LifecycleMappingFactory - Using org.eclipse.m2e.jdt.JarLifecycleMapping lifecycle mapping for MavenProject: com.mmt:mobile-core-api-connector:3.0.0.M1 @ C:\Users\kumark\Desktop\MMT\Mobile-CORE-API\connector\pom.xml.
2018-11-11 22:47:41,769 [Worker-11] INFO  o.e.m.c.i.l.LifecycleMappingFactory - Using NULL lifecycle mapping for MavenProject: com.mmt:mobile-core-api:3.0.0.M1 @ C:\Users\kumark\Desktop\MMT\Mobile-CORE-API\pom.xml.
2018-11-11 22:47:42,232 [Worker-8] WARN  o.e.m.c.i.embedder.EclipseLogger - The POM for com.mmt.content:content-api-domain:jar:1.6-2.5 is missing, no dependency information available
2018-11-11 22:47:42,386 [Worker-8] WARN  o.e.m.c.i.embedder.EclipseLogger - The POM for com.mmt.segmentation:hcs-hydra-connect:jar:3.0.2 is missing, no dependency information available
2018-11-11 22:47:43,040 [Worker-8] WARN  o.e.m.c.i.embedder.EclipseLogger - The POM for mmt:mmt-user-client:jar:3.4 is missing, no dependency information available
2018-11-11 22:47:43,127 [Worker-8] WARN  o.e.m.c.i.embedder.EclipseLogger - The POM for mmt:mmt-utils:jar:3.1 is missing, no dependency information available
2018-11-11 22:47:45,516 [Worker-19] INFO  o.e.m.c.i.l.LifecycleMappingFactory - Using NULL lifecycle mapping for MavenProject: com.mmt:mobile-core-api:3.0.0.M1 @ C:\Users\kumark\Desktop\MMT\Mobile-CORE-API\pom.xml.
2018-11-11 22:47:45,905 [Worker-19] INFO  o.e.m.c.i.l.LifecycleMappingFactory - Using org.eclipse.m2e.jdt.JarLifecycleMapping lifecycle mapping for MavenProject: com.mmt:mobile-core-api-connector:3.0.0.M1 @ C:\Users\kumark\Desktop\MMT\Mobile-CORE-API\connector\pom.xml.
2018-11-11 22:47:46,276 [Worker-19] WARN  o.e.m.c.i.embedder.EclipseLogger - The POM for com.mmt.content:content-api-domain:jar:1.6-2.5 is missing, no dependency information available
2018-11-11 22:47:46,372 [Worker-19] WARN  o.e.m.c.i.embedder.EclipseLogger - The POM for com.mmt.segmentation:hcs-hydra-connect:jar:3.0.2 is missing, no dependency information available
2018-11-11 22:47:46,530 [Worker-19] WARN  o.e.m.c.i.embedder.EclipseLogger - The POM for mmt:mmt-user-client:jar:3.4 is missing, no dependency information available
2018-11-11 22:47:46,544 [Worker-19] WARN  o.e.m.c.i.embedder.EclipseLogger - The POM for mmt:mmt-utils:jar:3.1 is missing, no dependency information available
2018-11-11 22:47:46,968 [Worker-19] INFO  o.e.m.c.i.l.LifecycleMappingFactory - Using org.eclipse.m2e.jdt.JarLifecycleMapping lifecycle mapping for MavenProject: com.mmt:mobile-core-api-entity:3.0.0.M1 @ C:\Users\kumark\Desktop\MMT\Mobile-CORE-API\entity\pom.xml.
2018-11-11 22:47:47,028 [Worker-19] INFO  o.e.m.c.i.l.LifecycleMappingFactory - Using org.eclipse.m2e.jdt.JarLifecycleMapping lifecycle mapping for MavenProject: com.mmt:mobile-core-api-persistence:3.0.0.M1 @ C:\Users\kumark\Desktop\MMT\Mobile-CORE-API\persistence\pom.xml.
2018-11-11 22:47:47,188 [Worker-19] INFO  o.e.m.c.i.l.LifecycleMappingFactory - Using org.eclipse.m2e.jdt.JarLifecycleMapping lifecycle mapping for MavenProject: com.mmt:mobile-core-api-services:3.0.0.M1 @ C:\Users\kumark\Desktop\MMT\Mobile-CORE-API\services\pom.xml.
2018-11-11 22:47:47,347 [Worker-19] INFO  o.e.m.c.i.l.LifecycleMappingFactory - Using org.eclipse.m2e.jdt.JarLifecycleMapping lifecycle mapping for MavenProject: com.mmt:mobile-core-api-utility:3.0.0.M1 @ C:\Users\kumark\Desktop\MMT\Mobile-CORE-API\utility\pom.xml.
2018-11-11 22:47:47,554 [Worker-19] INFO  o.e.m.c.i.l.LifecycleMappingFactory - Using org.maven.ide.eclipse.wtp.WarLifecycleMapping lifecycle mapping for MavenProject: com.mmt:mobile-core-api-web:3.0.0.M1 @ C:\Users\kumark\Desktop\MMT\Mobile-CORE-API\web\pom.xml.
2018-11-11 22:47:47,569 [Worker-22] INFO  o.e.m.c.i.l.LifecycleMappingFactory - Using org.eclipse.m2e.jdt.JarLifecycleMapping lifecycle mapping for MavenProject: com.mmt:mobile-core-api-entity:3.0.0.M1 @ C:\Users\kumark\Desktop\MMT\Mobile-CORE-API\entity\pom.xml.
2018-11-11 22:47:49,041 [Worker-22] WARN  o.e.m.c.i.embedder.EclipseLogger - Using platform encoding (Cp1252 actually) to copy filtered resources, i.e. build is platform dependent!
2018-11-11 22:47:49,073 [Worker-22] INFO  o.e.m.c.i.embedder.EclipseLogger - skip non existing resourceDirectory C:\Users\kumark\Desktop\MMT\Mobile-CORE-API\entity\src\test\resources
2018-11-11 22:47:49,088 [Worker-0] INFO  o.e.m.c.i.l.LifecycleMappingFactory - Using NULL lifecycle mapping for MavenProject: com.mmt:mobile-core-api:3.0.0.M1 @ C:\Users\kumark\Desktop\MMT\Mobile-CORE-API\pom.xml.
2018-11-11 22:47:49,336 [Worker-0] INFO  o.e.m.c.i.l.LifecycleMappingFactory - Using org.eclipse.m2e.jdt.JarLifecycleMapping lifecycle mapping for MavenProject: com.mmt:mobile-core-api-connector:3.0.0.M1 @ C:\Users\kumark\Desktop\MMT\Mobile-CORE-API\connector\pom.xml.
2018-11-11 22:47:49,541 [Worker-0] WARN  o.e.m.c.i.embedder.EclipseLogger - The POM for com.mmt.content:content-api-domain:jar:1.6-2.5 is missing, no dependency information available
2018-11-11 22:47:49,612 [Worker-0] WARN  o.e.m.c.i.embedder.EclipseLogger - The POM for com.mmt.segmentation:hcs-hydra-connect:jar:3.0.2 is missing, no dependency information available
2018-11-11 22:47:49,675 [Worker-0] WARN  o.e.m.c.i.embedder.EclipseLogger - The POM for mmt:mmt-user-client:jar:3.4 is missing, no dependency information available
2018-11-11 22:47:49,728 [Worker-0] WARN  o.e.m.c.i.embedder.EclipseLogger - The POM for mmt:mmt-utils:jar:3.1 is missing, no dependency information available
2018-11-11 22:47:49,874 [Worker-0] INFO  o.e.m.c.i.l.LifecycleMappingFactory - Using org.eclipse.m2e.jdt.JarLifecycleMapping lifecycle mapping for MavenProject: com.mmt:mobile-core-api-entity:3.0.0.M1 @ C:\Users\kumark\Desktop\MMT\Mobile-CORE-API\entity\pom.xml.
2018-11-11 22:47:50,027 [Worker-0] INFO  o.e.m.c.i.l.LifecycleMappingFactory - Using org.eclipse.m2e.jdt.JarLifecycleMapping lifecycle mapping for MavenProject: com.mmt:mobile-core-api-persistence:3.0.0.M1 @ C:\Users\kumark\Desktop\MMT\Mobile-CORE-API\persistence\pom.xml.
2018-11-11 22:47:50,538 [Worker-0] INFO  o.e.m.c.i.l.LifecycleMappingFactory - Using org.eclipse.m2e.jdt.JarLifecycleMapping lifecycle mapping for MavenProject: com.mmt:mobile-core-api-services:3.0.0.M1 @ C:\Users\kumark\Desktop\MMT\Mobile-CORE-API\services\pom.xml.
2018-11-11 22:47:50,695 [Worker-17] INFO  o.e.m.c.i.l.LifecycleMappingFactory - Using org.eclipse.m2e.jdt.JarLifecycleMapping lifecycle mapping for MavenProject: com.mmt:mobile-core-api-persistence:3.0.0.M1 @ C:\Users\kumark\Desktop\MMT\Mobile-CORE-API\persistence\pom.xml.
2018-11-11 22:47:51,280 [Worker-17] WARN  o.e.m.c.i.embedder.EclipseLogger - Using platform encoding (Cp1252 actually) to copy filtered resources, i.e. build is platform dependent!
2018-11-11 22:47:51,318 [Worker-17] INFO  o.e.m.c.i.embedder.EclipseLogger - Copying 1 resource
2018-11-11 22:47:51,356 [Worker-17] WARN  o.e.m.c.i.embedder.EclipseLogger - Using platform encoding (Cp1252 actually) to copy filtered resources, i.e. build is platform dependent!
2018-11-11 22:47:51,386 [Worker-17] INFO  o.e.m.c.i.embedder.EclipseLogger - Copying 3 resources
2018-11-11 22:47:51,592 [Worker-17] INFO  o.e.m.c.i.l.LifecycleMappingFactory - Using org.eclipse.m2e.jdt.JarLifecycleMapping lifecycle mapping for MavenProject: com.mmt:mobile-core-api-utility:3.0.0.M1 @ C:\Users\kumark\Desktop\MMT\Mobile-CORE-API\utility\pom.xml.
2018-11-11 22:47:51,845 [Worker-17] WARN  o.e.m.c.i.embedder.EclipseLogger - The POM for com.mmt.content:content-api-domain:jar:1.6-2.5 is missing, no dependency information available
2018-11-11 22:47:52,381 [Worker-17] WARN  o.e.m.c.i.embedder.EclipseLogger - Using platform encoding (Cp1252 actually) to copy filtered resources, i.e. build is platform dependent!
2018-11-11 22:47:52,393 [Worker-17] INFO  o.e.m.c.i.embedder.EclipseLogger - Copying 1 resource
2018-11-11 22:47:52,407 [Worker-17] WARN  o.e.m.c.i.embedder.EclipseLogger - Using platform encoding (Cp1252 actually) to copy filtered resources, i.e. build is platform dependent!
2018-11-11 22:47:52,416 [Worker-17] INFO  o.e.m.c.i.embedder.EclipseLogger - Copying 5 resources
2018-11-11 22:47:52,591 [Worker-17] INFO  o.e.m.c.i.l.LifecycleMappingFactory - Using org.eclipse.m2e.jdt.JarLifecycleMapping lifecycle mapping for MavenProject: com.mmt:mobile-core-api-connector:3.0.0.M1 @ C:\Users\kumark\Desktop\MMT\Mobile-CORE-API\connector\pom.xml.
2018-11-11 22:47:52,767 [Worker-17] WARN  o.e.m.c.i.embedder.EclipseLogger - The POM for com.mmt.content:content-api-domain:jar:1.6-2.5 is missing, no dependency information available
2018-11-11 22:47:52,816 [Worker-17] WARN  o.e.m.c.i.embedder.EclipseLogger - The POM for com.mmt.segmentation:hcs-hydra-connect:jar:3.0.2 is missing, no dependency information available
2018-11-11 22:47:52,879 [Worker-17] WARN  o.e.m.c.i.embedder.EclipseLogger - The POM for mmt:mmt-user-client:jar:3.4 is missing, no dependency information available
2018-11-11 22:47:53,128 [Worker-17] WARN  o.e.m.c.i.embedder.EclipseLogger - The POM for mmt:mmt-utils:jar:3.1 is missing, no dependency information available
2018-11-11 22:47:53,446 [Worker-17] WARN  o.e.m.c.i.embedder.EclipseLogger - Using platform encoding (Cp1252 actually) to copy filtered resources, i.e. build is platform dependent!
2018-11-11 22:47:53,462 [Worker-17] INFO  o.e.m.c.i.embedder.EclipseLogger - Copying 2 resources
2018-11-11 22:47:53,474 [Worker-17] WARN  o.e.m.c.i.embedder.EclipseLogger - Using platform encoding (Cp1252 actually) to copy filtered resources, i.e. build is platform dependent!
2018-11-11 22:47:53,483 [Worker-17] INFO  o.e.m.c.i.embedder.EclipseLogger - Copying 4 resources
2018-11-11 22:47:53,654 [Worker-17] INFO  o.e.m.c.i.l.LifecycleMappingFactory - Using org.eclipse.m2e.jdt.JarLifecycleMapping lifecycle mapping for MavenProject: com.mmt:mobile-core-api-services:3.0.0.M1 @ C:\Users\kumark\Desktop\MMT\Mobile-CORE-API\services\pom.xml.
2018-11-11 22:47:53,859 [Worker-17] WARN  o.e.m.c.i.embedder.EclipseLogger - The POM for com.mmt.content:content-api-domain:jar:1.6-2.5 is missing, no dependency information available
2018-11-11 22:47:54,118 [Worker-17] WARN  o.e.m.c.i.embedder.EclipseLogger - The POM for com.mmt.segmentation:hcs-hydra-connect:jar:3.0.2 is missing, no dependency information available
2018-11-11 22:47:54,175 [Worker-17] WARN  o.e.m.c.i.embedder.EclipseLogger - The POM for mmt:mmt-user-client:jar:3.4 is missing, no dependency information available
2018-11-11 22:47:54,221 [Worker-17] WARN  o.e.m.c.i.embedder.EclipseLogger - The POM for mmt:mmt-utils:jar:3.1 is missing, no dependency information available
2018-11-11 22:47:54,561 [Worker-17] WARN  o.e.m.c.i.embedder.EclipseLogger - Using platform encoding (Cp1252 actually) to copy filtered resources, i.e. build is platform dependent!
2018-11-11 22:47:54,569 [Worker-17] INFO  o.e.m.c.i.embedder.EclipseLogger - Copying 1 resource
2018-11-11 22:47:54,574 [Worker-17] WARN  o.e.m.c.i.embedder.EclipseLogger - Using platform encoding (Cp1252 actually) to copy filtered resources, i.e. build is platform dependent!
2018-11-11 22:47:54,580 [Worker-17] INFO  o.e.m.c.i.embedder.EclipseLogger - Copying 5 resources
2018-11-11 22:47:54,706 [Worker-17] INFO  o.e.m.c.i.l.LifecycleMappingFactory - Using org.maven.ide.eclipse.wtp.WarLifecycleMapping lifecycle mapping for MavenProject: com.mmt:mobile-core-api-web:3.0.0.M1 @ C:\Users\kumark\Desktop\MMT\Mobile-CORE-API\web\pom.xml.
2018-11-11 22:47:54,810 [Worker-17] WARN  o.e.m.c.i.embedder.EclipseLogger - The POM for com.mmt.content:content-api-domain:jar:1.6-2.5 is missing, no dependency information available
2018-11-11 22:47:54,831 [Worker-17] WARN  o.e.m.c.i.embedder.EclipseLogger - The POM for com.mmt.segmentation:hcs-hydra-connect:jar:3.0.2 is missing, no dependency information available
2018-11-11 22:47:54,860 [Worker-17] WARN  o.e.m.c.i.embedder.EclipseLogger - The POM for mmt:mmt-user-client:jar:3.4 is missing, no dependency information available
2018-11-11 22:47:54,967 [Worker-17] WARN  o.e.m.c.i.embedder.EclipseLogger - The POM for mmt:mmt-utils:jar:3.1 is missing, no dependency information available
2018-11-11 22:47:55,466 [Worker-17] WARN  o.e.m.c.i.embedder.EclipseLogger - The POM for com.mmt.content:content-api-domain:jar:1.6-2.5 is missing, no dependency information available
2018-11-11 22:47:55,492 [Worker-17] WARN  o.e.m.c.i.embedder.EclipseLogger - The POM for com.mmt.segmentation:hcs-hydra-connect:jar:3.0.2 is missing, no dependency information available
2018-11-11 22:47:55,516 [Worker-17] WARN  o.e.m.c.i.embedder.EclipseLogger - The POM for mmt:mmt-user-client:jar:3.4 is missing, no dependency information available
2018-11-11 22:47:55,528 [Worker-17] WARN  o.e.m.c.i.embedder.EclipseLogger - The POM for mmt:mmt-utils:jar:3.1 is missing, no dependency information available
2018-11-11 22:47:56,411 [Worker-17] WARN  o.e.m.c.i.embedder.EclipseLogger - Using platform encoding (Cp1252 actually) to copy filtered resources, i.e. build is platform dependent!
2018-11-11 22:47:56,425 [Worker-17] INFO  o.e.m.c.i.embedder.EclipseLogger - Copying 13 resources
2018-11-11 22:47:56,438 [Worker-17] WARN  o.e.m.c.i.embedder.EclipseLogger - Using platform encoding (Cp1252 actually) to copy filtered resources, i.e. build is platform dependent!
2018-11-11 22:47:56,452 [Worker-17] INFO  o.e.m.c.i.embedder.EclipseLogger - Copying 3 resources
2018-11-11 22:47:56,953 [Worker-8] INFO  o.e.m.c.i.l.LifecycleMappingFactory - Using NULL lifecycle mapping for MavenProject: com.mmt:mobile-core-api:3.0.0.M1 @ C:\Users\kumark\Desktop\MMT\Mobile-CORE-API\pom.xml.
2018-11-11 22:47:57,407 [Worker-8] INFO  o.e.m.c.i.l.LifecycleMappingFactory - Using org.eclipse.m2e.jdt.JarLifecycleMapping lifecycle mapping for MavenProject: com.mmt:mobile-core-api-connector:3.0.0.M1 @ C:\Users\kumark\Desktop\MMT\Mobile-CORE-API\connector\pom.xml.
2018-11-11 22:47:57,847 [Worker-8] WARN  o.e.m.c.i.embedder.EclipseLogger - The POM for com.mmt.content:content-api-domain:jar:1.6-2.5 is missing, no dependency information available
2018-11-11 22:47:58,005 [Worker-8] WARN  o.e.m.c.i.embedder.EclipseLogger - The POM for com.mmt.segmentation:hcs-hydra-connect:jar:3.0.2 is missing, no dependency information available
2018-11-11 22:47:58,107 [Worker-8] WARN  o.e.m.c.i.embedder.EclipseLogger - The POM for mmt:mmt-user-client:jar:3.4 is missing, no dependency information available
2018-11-11 22:47:58,129 [Worker-8] WARN  o.e.m.c.i.embedder.EclipseLogger - The POM for mmt:mmt-utils:jar:3.1 is missing, no dependency information available
2018-11-11 22:47:58,234 [Worker-8] INFO  o.e.m.c.i.l.LifecycleMappingFactory - Using org.eclipse.m2e.jdt.JarLifecycleMapping lifecycle mapping for MavenProject: com.mmt:mobile-core-api-entity:3.0.0.M1 @ C:\Users\kumark\Desktop\MMT\Mobile-CORE-API\entity\pom.xml.
2018-11-11 22:47:58,278 [Worker-8] INFO  o.e.m.c.i.l.LifecycleMappingFactory - Using org.eclipse.m2e.jdt.JarLifecycleMapping lifecycle mapping for MavenProject: com.mmt:mobile-core-api-persistence:3.0.0.M1 @ C:\Users\kumark\Desktop\MMT\Mobile-CORE-API\persistence\pom.xml.
2018-11-11 22:47:58,381 [Worker-8] INFO  o.e.m.c.i.l.LifecycleMappingFactory - Using org.eclipse.m2e.jdt.JarLifecycleMapping lifecycle mapping for MavenProject: com.mmt:mobile-core-api-services:3.0.0.M1 @ C:\Users\kumark\Desktop\MMT\Mobile-CORE-API\services\pom.xml.
2018-11-11 22:47:58,550 [Worker-8] INFO  o.e.m.c.i.l.LifecycleMappingFactory - Using org.eclipse.m2e.jdt.JarLifecycleMapping lifecycle mapping for MavenProject: com.mmt:mobile-core-api-utility:3.0.0.M1 @ C:\Users\kumark\Desktop\MMT\Mobile-CORE-API\utility\pom.xml.
2018-11-11 22:47:58,639 [Worker-8] INFO  o.e.m.c.i.l.LifecycleMappingFactory - Using org.maven.ide.eclipse.wtp.WarLifecycleMapping lifecycle mapping for MavenProject: com.mmt:mobile-core-api-web:3.0.0.M1 @ C:\Users\kumark\Desktop\MMT\Mobile-CORE-API\web\pom.xml.
2018-11-11 22:47:59,315 [Worker-8] WARN  o.e.m.c.i.embedder.EclipseLogger - The POM for com.mmt.content:content-api-domain:jar:1.6-2.5 is missing, no dependency information available
2018-11-11 22:47:59,333 [Worker-8] WARN  o.e.m.c.i.embedder.EclipseLogger - The POM for com.mmt.segmentation:hcs-hydra-connect:jar:3.0.2 is missing, no dependency information available
2018-11-11 22:47:59,369 [Worker-8] WARN  o.e.m.c.i.embedder.EclipseLogger - The POM for mmt:mmt-user-client:jar:3.4 is missing, no dependency information available
2018-11-11 22:47:59,375 [Worker-8] WARN  o.e.m.c.i.embedder.EclipseLogger - The POM for mmt:mmt-utils:jar:3.1 is missing, no dependency information available
2018-11-11 22:48:04,390 [Worker-13] ERROR o.e.m.c.i.p.r.ProjectRegistryRefreshJob - Preference node "org.eclipse.m2e.core" has been removed.
java.lang.IllegalStateException: Preference node "org.eclipse.m2e.core" has been removed.
	at org.eclipse.core.internal.preferences.EclipsePreferences.checkRemoved(EclipsePreferences.java:164) ~[org.eclipse.equinox.preferences_3.7.0.v20170126-2132.jar:na]
	at org.eclipse.core.internal.preferences.EclipsePreferences.internalNode(EclipsePreferences.java:606) ~[org.eclipse.equinox.preferences_3.7.0.v20170126-2132.jar:na]
	at org.eclipse.core.internal.preferences.EclipsePreferences.convertFromProperties(EclipsePreferences.java:255) ~[org.eclipse.equinox.preferences_3.7.0.v20170126-2132.jar:na]
	at org.eclipse.core.internal.resources.ProjectPreferences.load(ProjectPreferences.java:509) ~[na:na]
	at org.eclipse.core.internal.resources.ProjectPreferences.silentLoad(ProjectPreferences.java:682) ~[na:na]
	at org.eclipse.core.internal.resources.ProjectPreferences.internalGet(ProjectPreferences.java:430) ~[na:na]
	at org.eclipse.core.internal.preferences.EclipsePreferences.get(EclipsePreferences.java:443) ~[org.eclipse.equinox.preferences_3.7.0.v20170126-2132.jar:na]
	at org.eclipse.m2e.core.internal.project.ResolverConfigurationIO.readResolverConfiguration(ResolverConfigurationIO.java:116) ~[na:na]
	at org.eclipse.m2e.core.internal.project.registry.ProjectRegistryManager.readMavenProjectFacade(ProjectRegistryManager.java:697) ~[na:na]
	at org.eclipse.m2e.core.internal.project.registry.ProjectRegistryManager.refresh(ProjectRegistryManager.java:398) ~[na:na]
	at org.eclipse.m2e.core.internal.project.registry.ProjectRegistryManager.refresh(ProjectRegistryManager.java:351) ~[na:na]
	at org.eclipse.m2e.core.internal.project.registry.ProjectRegistryRefreshJob$1$1.call(ProjectRegistryRefreshJob.java:89) ~[na:na]
	at org.eclipse.m2e.core.internal.project.registry.ProjectRegistryRefreshJob$1$1.call(ProjectRegistryRefreshJob.java:1) ~[na:na]
	at org.eclipse.m2e.core.internal.embedder.MavenExecutionContext.executeBare(MavenExecutionContext.java:177) ~[na:na]
	at org.eclipse.m2e.core.internal.embedder.MavenExecutionContext.execute(MavenExecutionContext.java:151) ~[na:na]
	at org.eclipse.m2e.core.internal.embedder.MavenExecutionContext.execute(MavenExecutionContext.java:99) ~[na:na]
	at org.eclipse.m2e.core.internal.embedder.MavenImpl.execute(MavenImpl.java:1351) ~[na:na]
	at org.eclipse.m2e.core.internal.project.registry.ProjectRegistryRefreshJob$1.call(ProjectRegistryRefreshJob.java:87) ~[na:na]
	at org.eclipse.m2e.core.internal.project.registry.ProjectRegistryRefreshJob$1.call(ProjectRegistryRefreshJob.java:1) ~[na:na]
	at org.eclipse.m2e.core.internal.embedder.MavenExecutionContext.executeBare(MavenExecutionContext.java:177) ~[na:na]
	at org.eclipse.m2e.core.internal.embedder.MavenExecutionContext.execute(MavenExecutionContext.java:151) ~[na:na]
	at org.eclipse.m2e.core.internal.embedder.MavenExecutionContext.execute(MavenExecutionContext.java:99) ~[na:na]
	at org.eclipse.m2e.core.internal.embedder.MavenImpl.execute(MavenImpl.java:1355) ~[na:na]
	at org.eclipse.m2e.core.internal.project.registry.ProjectRegistryRefreshJob.run(ProjectRegistryRefreshJob.java:81) ~[na:na]
	at org.eclipse.core.internal.jobs.Worker.run(Worker.java:56) [org.eclipse.core.jobs_3.9.3.v20180115-1757.jar:na]
2018-11-11 22:48:22,795 [Worker-21] INFO  o.e.m.c.i.l.LifecycleMappingFactory - Using org.eclipse.m2e.jdt.JarLifecycleMapping lifecycle mapping for MavenProject: test:test:0.0.1-SNAPSHOT @ Y:\git_repos\eclipse-workspace\test\pom.xml.
2018-11-11 22:48:23,361 [Worker-21] INFO  o.e.m.j.i.AbstractJavaProjectConfigurator - Adding source folder /test/src
2018-11-11 22:48:23,364 [Worker-21] INFO  o.e.m.j.i.AbstractJavaProjectConfigurator - Not adding source folder /test/src/test/java because it overlaps with /test/src
2018-11-11 22:48:24,801 [Worker-21] INFO  o.e.m.c.i.p.ProjectConfigurationManager - Imported and configured 1 project(s) in 2 sec
2018-11-11 22:48:29,365 [Worker-25] WARN  o.e.m.c.i.embedder.EclipseLogger - Using platform encoding (Cp1252 actually) to copy filtered resources, i.e. build is platform dependent!
2018-11-11 22:48:29,392 [Worker-25] INFO  o.e.m.c.i.embedder.EclipseLogger - skip non existing resourceDirectory Y:\git_repos\eclipse-workspace\test\src\main\resources
2018-11-11 22:48:29,397 [Worker-25] WARN  o.e.m.c.i.embedder.EclipseLogger - Using platform encoding (Cp1252 actually) to copy filtered resources, i.e. build is platform dependent!
2018-11-11 22:48:29,404 [Worker-25] INFO  o.e.m.c.i.embedder.EclipseLogger - skip non existing resourceDirectory Y:\git_repos\eclipse-workspace\test\src\test\resources
